2019-12-15 18:39:14,003 ERROR by.bsu.dev.par.StaX [main] No enum constant by.bsuir.devteam.tag.EntityTag.TEAM
2019-12-15 18:39:14,027 ERROR by.bsu.dev.par.StaX [main] For input string: "s1"
2019-12-15 18:39:14,028 ERROR by.bsu.dev.par.StaX [main] For input string: "d2"
2019-12-15 18:39:14,028 ERROR by.bsu.dev.par.StaX [main] No enum constant by.bsuir.devteam.tag.EntityTag.TESTERS
2019-12-15 18:39:14,029 ERROR by.bsu.dev.par.StaX [main] For input string: "t1"
2019-12-15 18:43:57,567 ERROR by.bsu.dev.par.StaX [main] No enum constant by.bsuir.devteam.tag.EntityTag.TEAM
2019-12-15 18:43:57,572 ERROR by.bsu.dev.par.StaX [main] No enum constant by.bsuir.devteam.tag.EntityTag.TESTERS
2019-12-15 18:44:24,670 ERROR by.bsu.dev.par.StaX [main] No enum constant by.bsuir.devteam.tag.EntityTag.TEAM
2019-12-15 18:44:24,679 ERROR by.bsu.dev.par.StaX [main] No enum constant by.bsuir.devteam.tag.EntityTag.TESTERS
2019-12-15 18:45:25,039 ERROR by.bsu.dev.par.StaX [main] No enum constant by.bsuir.devteam.tag.EntityTag.TEAM
2019-12-15 18:45:25,044 ERROR by.bsu.dev.par.StaX [main] No enum constant by.bsuir.devteam.tag.EntityTag.TESTERS
2019-12-15 18:46:25,661 ERROR by.bsu.dev.par.StaX [main] No enum constant by.bsuir.devteam.tag.EntityTag.TEAM
2019-12-15 18:46:25,668 ERROR by.bsu.dev.par.StaX [main] For input string: "s1"
2019-12-15 18:46:25,669 ERROR by.bsu.dev.par.StaX [main] For input string: "d2"
2019-12-15 18:46:25,670 ERROR by.bsu.dev.par.StaX [main] No enum constant by.bsuir.devteam.tag.EntityTag.TESTERS
2019-12-15 18:46:25,670 ERROR by.bsu.dev.par.StaX [main] For input string: "t1"
2019-12-15 18:47:15,292 ERROR by.bsu.dev.par.StaX [main] No enum constant by.bsuir.devteam.tag.EntityTag.TEAM
2019-12-15 18:47:15,298 ERROR by.bsu.dev.par.StaX [main] For input string: "s1"
2019-12-15 18:47:15,300 ERROR by.bsu.dev.par.StaX [main] For input string: "d2"
2019-12-15 18:47:15,302 ERROR by.bsu.dev.par.StaX [main] No enum constant by.bsuir.devteam.tag.EntityTag.TESTERS
2019-12-15 18:47:15,303 ERROR by.bsu.dev.par.StaX [main] For input string: "t1"
2019-12-15 18:47:34,495 ERROR by.bsu.dev.par.StaX [main] No enum constant by.bsuir.devteam.tag.EntityTag.TEAM
2019-12-15 18:47:34,502 ERROR by.bsu.dev.par.StaX [main] For input string: "s1"
2019-12-15 18:47:34,503 ERROR by.bsu.dev.par.StaX [main] For input string: "d2"
2019-12-15 18:47:34,504 ERROR by.bsu.dev.par.StaX [main] No enum constant by.bsuir.devteam.tag.EntityTag.TESTERS
2019-12-15 18:47:34,504 ERROR by.bsu.dev.par.StaX [main] For input string: "t1"
2019-12-15 18:48:17,315 ERROR by.bsu.dev.par.StaX [main] No enum constant by.bsuir.devteam.tag.EntityTag.TEAM
2019-12-15 18:48:17,322 ERROR by.bsu.dev.par.StaX [main] No enum constant by.bsuir.devteam.tag.EntityTag.TESTERS
2019-12-15 18:50:39,504 ERROR by.bsu.dev.par.StaX [main] No enum constant by.bsuir.devteam.tag.EntityTag.TEAM
2019-12-15 18:50:39,514 ERROR by.bsu.dev.par.StaX [main] No enum constant by.bsuir.devteam.tag.EntityTag.TESTERS
2019-12-15 18:50:55,809 ERROR by.bsu.dev.par.StaX [main] No enum constant by.bsuir.devteam.tag.EntityTag.TEAM
2019-12-15 18:50:55,818 ERROR by.bsu.dev.par.StaX [main] No enum constant by.bsuir.devteam.tag.EntityTag.TESTERS
2019-12-15 18:52:49,482 ERROR by.bsu.dev.par.StaX [main] No enum constant by.bsuir.devteam.tag.EntityTag.TEAM
2019-12-15 18:52:49,492 ERROR by.bsu.dev.par.StaX [main] No enum constant by.bsuir.devteam.tag.EntityTag.TESTERS
2019-12-15 18:53:39,464 ERROR by.bsu.dev.par.StaX [main] No enum constant by.bsuir.devteam.tag.EntityTag.TEAM
2019-12-15 18:55:24,959 ERROR by.bsu.dev.par.StaX [main] No enum constant by.bsuir.devteam.tag.EntityTag.TESTERS
2019-12-15 18:55:33,801 ERROR by.bsu.dev.par.StaX [main] No enum constant by.bsuir.devteam.tag.EntityTag.TEAM
2019-12-15 18:55:33,808 ERROR by.bsu.dev.par.StaX [main] No enum constant by.bsuir.devteam.tag.EntityTag.TESTERS
2019-12-15 18:55:45,075 ERROR by.bsu.dev.par.StaX [main] No enum constant by.bsuir.devteam.tag.EntityTag.TEAM
2019-12-15 18:58:51,827 ERROR by.bsu.dev.par.StaX [main] No enum constant by.bsuir.devteam.tag.EntityTag.TESTERS
2019-12-15 18:58:55,985 ERROR by.bsu.dev.par.StaX [main] No enum constant by.bsuir.devteam.tag.EntityTag.TEAM
2019-12-15 18:59:15,759 ERROR by.bsu.dev.par.StaX [main] No enum constant by.bsuir.devteam.tag.EntityTag.TESTERS
2019-12-15 18:59:43,630 ERROR by.bsu.dev.par.StaX [main] No enum constant by.bsuir.devteam.tag.EntityTag.TEAM
2019-12-15 18:59:43,639 ERROR by.bsu.dev.par.StaX [main] No enum constant by.bsuir.devteam.tag.EntityTag.TESTERS
2019-12-15 19:01:03,774 ERROR by.bsu.dev.par.StaX [main] No enum constant by.bsuir.devteam.tag.EntityTag.TEAM
2019-12-15 19:03:57,443 ERROR by.bsu.dev.par.StaX [main] No enum constant by.bsuir.devteam.tag.EntityTag.TESTERS
2019-12-15 19:09:57,884 ERROR by.bsu.dev.par.StaX [main] No enum constant by.bsuir.devteam.tag.EntityTag.TEAM
2019-12-15 19:09:57,895 ERROR by.bsu.dev.par.StaX [main] No enum constant by.bsuir.devteam.tag.EntityTag.TESTERS
2019-12-15 19:10:43,978 ERROR by.bsu.dev.par.StaX [main] No enum constant by.bsuir.devteam.tag.EntityTag.TESTERS
2019-12-15 19:11:33,640 ERROR by.bsu.dev.par.StaX [main] No enum constant by.bsuir.devteam.tag.EntityTag.TEAM
2019-12-15 19:11:33,646 ERROR by.bsu.dev.par.StaX [main] No enum constant by.bsuir.devteam.tag.EntityTag.TESTERS
2019-12-15 19:21:47,341 ERROR by.bsu.dev.TestMain [main] ParseError at [row,col]:[22,19]
Message: elementGetText() function expects text only elment but START_ELEMENT was encountered.
2019-12-15 19:29:27,453 ERROR by.bsu.dev.TestMain [main] ParseError at [row,col]:[22,19]
Message: elementGetText() function expects text only elment but START_ELEMENT was encountered.
2019-12-15 22:06:11,304 ERROR by.bsu.dev.TestMain [main] For input string: "s1"
2019-12-15 22:10:31,528 ERROR by.bsu.dev.TestMain [main] For input string: "l1"
2019-12-15 22:11:20,522 ERROR by.bsu.dev.TestMain [main] For input string: "l1"
